<?xml version="1.0" encoding="UTF-8"?>
<testng-results ignored="0" total="2" passed="2" failed="0" skipped="0">
  <reporter-output>
  </reporter-output>
  <suite started-at="2023-02-19T17:01:08 WIB" name="Default Suite" finished-at="2023-02-19T17:01:09 WIB" duration-ms="1500">
    <groups>
    </groups>
    <test started-at="2023-02-19T17:01:08 WIB" name="Test_NG" finished-at="2023-02-19T17:01:09 WIB" duration-ms="1500">
      <class name="Reqres_API_Test">
        <test-method signature="getsingleuser()[pri:0, instance:Reqres_API_Test@5be6e01c]" started-at="2023-02-19T17:01:08 WIB" name="getsingleuser" finished-at="2023-02-19T17:01:09 WIB" duration-ms="1246" status="PASS">
          <reporter-output>
          </reporter-output>
        </test-method> <!-- getsingleuser -->
        <test-method signature="test2()[pri:0, instance:Reqres_API_Test@5be6e01c]" started-at="2023-02-19T17:01:09 WIB" name="test2" finished-at="2023-02-19T17:01:09 WIB" duration-ms="226" status="PASS">
          <reporter-output>
          </reporter-output>
        </test-method> <!-- test2 -->
      </class> <!-- Reqres_API_Test -->
    </test> <!-- Test_NG -->
  </suite> <!-- Default Suite -->
</testng-results>
